0 info it worked if it ends with ok
1 verbose cli [ '/home/ubuntu/.nvm/versions/node/v4.7.3/bin/node',
1 verbose cli   '/home/ubuntu/.nvm/versions/node/v4.7.3/bin/npm',
1 verbose cli   'publish' ]
2 info using npm@2.15.11
3 info using node@v4.7.3
4 verbose publish [ '.' ]
5 silly cache add args [ '.', null ]
6 verbose cache add spec .
7 silly cache add parsed spec Result {
7 silly cache add   raw: '.',
7 silly cache add   scope: null,
7 silly cache add   name: null,
7 silly cache add   rawSpec: '.',
7 silly cache add   spec: '/home/ubuntu/workspace',
7 silly cache add   type: 'directory' }
8 verbose addLocalDirectory /home/ubuntu/.npm/whitebox/0.1.49/package.tgz not in flight; packing
9 verbose correctMkdir /home/ubuntu/.npm correctMkdir not in flight; initializing
10 verbose tar pack [ '/home/ubuntu/.npm/whitebox/0.1.49/package.tgz',
10 verbose tar pack   '/home/ubuntu/workspace' ]
11 verbose tarball /home/ubuntu/.npm/whitebox/0.1.49/package.tgz
12 verbose folder /home/ubuntu/workspace
13 info prepublish whitebox@0.1.49
14 verbose addLocalTarball adding from inside cache /home/ubuntu/.npm/whitebox/0.1.49/package.tgz
15 verbose correctMkdir /home/ubuntu/.npm correctMkdir not in flight; initializing
16 silly cache afterAdd whitebox@0.1.49
17 verbose afterAdd /home/ubuntu/.npm/whitebox/0.1.49/package/package.json not in flight; writing
18 verbose correctMkdir /home/ubuntu/.npm correctMkdir not in flight; initializing
19 verbose afterAdd /home/ubuntu/.npm/whitebox/0.1.49/package/package.json written
20 silly publish { license: 'ISC',
20 silly publish   dependencies:
20 silly publish    { 'prelude-ls': '^1.1.2',
20 silly publish      'ethereumjs-wallet': '^0.6.0',
20 silly publish      'waves.js': '0.0.7-13',
20 silly publish      superagent: '^3.5.2',
20 silly publish      'bip32-utils': '^0.10.0',
20 silly publish      bip39: '^2.3.1',
20 silly publish      'bitcoinjs-lib': '^3.1.0',
20 silly publish      'bitcoinjs-lib-zcash': '^3.0.0',
20 silly publish      'bitcore-lib': 'latest',
20 silly publish      'bitcore-message': 'latest' },
20 silly publish   version: '0.1.49',
20 silly publish   name: 'whitebox',
20 silly publish   uperversion: '0.1',
20 silly publish   subversion: 49,
20 silly publish   main: 'index.js',
20 silly publish   description: 'Liveserver Client',
20 silly publish   author: '',
20 silly publish   scripts: { test: 'echo "Error: no test specified" && exit 1' },
20 silly publish   readme: '# Whitebox\n\n### Code as a service Business Model\n\n### You can upload your code and earn money from it\'s usage\n\n---------------------------\n\n#### This is centralized demo\n\n\nInstall \n\n```\nnpm i livescript whitebox -g\n```\n\nGenerate Client Wallet\n\n\n```Livescript \n\nrequire! \\whitebox\n\n{ generate-wallet } = whitebox\n\n{ mnemonic, address } =  generate-wallet!\n\n# Please keep your mnemonic in the safe place\n\n```\n\n\nCheck Status \n\n```Livescript\n\nrequire! \\whitebox\n\n{ get-container } = whitebox\n\nconfig = \n   name: \\accounts\n   mnemonic: "your secret private phrase"\n   node: \\https://expresshub-askucher.c9users.io\n\ncontainer = get-container config\n\ncontainer.status (err, result)->\n   console.log err, result\n   # running\n\n\n```\n\nGet Available Methods \n\n```Livescript \n\ncontainer.methods (err, result)->\n   console.log err, result\n   \n```\n\nGet Full Container Info \n\n```Livescript\n\nrequire! \\whitebox\n\n{ get-container } = whitebox\n\nconfig = \n   name: \\accounts\n   mnemonic: "your secret private phrase"\n   node: \\https://expresshub-askucher.c9users.io\n\ncontainer = get-container config\n\ncontainer.info (err, result)->\n   console.log err, result\n\n\n```\n\nExecute Method \n\n```Livescript \n\ncontainer.method \\transfer , { to: "ADDRESS", amount: "0.001" }, (err, result)->\n   console.log err, result\n   \n```\n\nStop Container (You must be an owner)\n\n```Livescript \n\ncontainer.stop (err, result)->\n   console.log err, result\n\n```\n\nStart Container (You must be an owner)\n\n```Livescript \n\ncontainer.start (err, result)->\n   console.log err, result\n\n```\n\nCreate New Container (You must have enough funds) \n\n```Livescript\n\nconfig =\n   name: \\new-container\n   mnemonic: "your secret private phrase"\n\ncontainer = get-container config\n\nfiles = \n   * tags: [\\open]\n     code: "...."\n   * tags: [\\secured]\n     code: "...."\n\ncontainer.create files, (err, result)->\n   console.log err, result\n\n```\n\nPlease generate an wallet and ask for funds `a.stegno@gmail.com`',
20 silly publish   readmeFilename: 'README.md',
20 silly publish   gitHead: '083dc6bca87e063ef1ac29fff80043087731d718',
20 silly publish   _id: 'whitebox@0.1.49',
20 silly publish   _shasum: 'd0c2941212b2916d93da9d918835bbaf0dc5bf51',
20 silly publish   _from: '.' }
21 verbose getPublishConfig undefined
22 silly mapToRegistry name whitebox
23 silly mapToRegistry using default registry
24 silly mapToRegistry registry https://registry.npmjs.org/
25 silly mapToRegistry data Result {
25 silly mapToRegistry   raw: 'whitebox',
25 silly mapToRegistry   scope: null,
25 silly mapToRegistry   name: 'whitebox',
25 silly mapToRegistry   rawSpec: '',
25 silly mapToRegistry   spec: 'latest',
25 silly mapToRegistry   type: 'tag' }
26 silly mapToRegistry uri https://registry.npmjs.org/whitebox
27 verbose publish registryBase https://registry.npmjs.org/
28 silly publish uploading /home/ubuntu/.npm/whitebox/0.1.49/package.tgz
29 verbose request uri https://registry.npmjs.org/whitebox
30 verbose request sending authorization for write operation
31 info attempt registry request try #1 at 4:38:40 PM
32 verbose request using bearer token for auth
33 verbose request id c441e07cab149e60
34 http request PUT https://registry.npmjs.org/whitebox
35 http 403 https://registry.npmjs.org/whitebox
36 verbose headers { 'content-type': 'application/json',
36 verbose headers   'cache-control': 'max-age=300',
36 verbose headers   'content-length': '92',
36 verbose headers   'accept-ranges': 'bytes',
36 verbose headers   date: 'Thu, 14 Sep 2017 16:38:42 GMT',
36 verbose headers   via: '1.1 varnish',
36 verbose headers   connection: 'keep-alive',
36 verbose headers   'x-served-by': 'cache-cdg8732-CDG',
36 verbose headers   'x-cache': 'MISS',
36 verbose headers   'x-cache-hits': '0',
36 verbose headers   'x-timer': 'S1505407121.931677,VS0,VE1795',
36 verbose headers   vary: 'Accept-Encoding, Accept' }
37 verbose request invalidating /home/ubuntu/.npm/registry.npmjs.org/whitebox on PUT
38 error publish Failed PUT 403
39 verbose stack Error: You cannot publish over the previously published version 0.1.49. : whitebox
39 verbose stack     at makeError (/home/ubuntu/.nvm/versions/node/v4.7.3/lib/node_modules/npm/node_modules/npm-registry-client/lib/request.js:302:12)
39 verbose stack     at CachingRegistryClient.<anonymous> (/home/ubuntu/.nvm/versions/node/v4.7.3/lib/node_modules/npm/node_modules/npm-registry-client/lib/request.js:290:14)
39 verbose stack     at Request._callback (/home/ubuntu/.nvm/versions/node/v4.7.3/lib/node_modules/npm/node_modules/npm-registry-client/lib/request.js:210:14)
39 verbose stack     at Request.self.callback (/home/ubuntu/.nvm/versions/node/v4.7.3/lib/node_modules/npm/node_modules/request/request.js:187:22)
39 verbose stack     at emitTwo (events.js:87:13)
39 verbose stack     at Request.emit (events.js:172:7)
39 verbose stack     at Request.<anonymous> (/home/ubuntu/.nvm/versions/node/v4.7.3/lib/node_modules/npm/node_modules/request/request.js:1044:10)
39 verbose stack     at emitOne (events.js:77:13)
39 verbose stack     at Request.emit (events.js:169:7)
39 verbose stack     at IncomingMessage.<anonymous> (/home/ubuntu/.nvm/versions/node/v4.7.3/lib/node_modules/npm/node_modules/request/request.js:965:12)
40 verbose statusCode 403
41 verbose pkgid whitebox
42 verbose cwd /home/ubuntu/workspace
43 error Linux 4.9.17-c9
44 error argv "/home/ubuntu/.nvm/versions/node/v4.7.3/bin/node" "/home/ubuntu/.nvm/versions/node/v4.7.3/bin/npm" "publish"
45 error node v4.7.3
46 error npm  v2.15.11
47 error code E403
48 error You cannot publish over the previously published version 0.1.49. : whitebox
49 error If you need help, you may report this error at:
49 error     <https://github.com/npm/npm/issues>
50 verbose exit [ 1, true ]
